[2023-12-21 20:23:01,745: INFO: main: Welcome to our custom log]
[2024-03-17 20:40:47,495: INFO: main: Checking logging]
[2024-03-17 20:44:27,640: INFO: main: Checking logging]
[2024-03-18 09:44:03,010: INFO: main: Checking logging]
[2024-03-18 10:37:24,055: INFO: common: yaml file: config\config.yaml loaded successfully]
[2024-03-18 10:37:24,055: INFO: common: yaml file: params.yaml loaded successfully]
[2024-03-18 10:37:24,063: INFO: common: created directory at: artifacts]
[2024-03-18 10:37:24,063: INFO: common: created directory at: artifacts/data_ingestion]
[2024-03-18 10:37:24,066: INFO: 986331348: Downloading data from https://drive.google.com/file/d/1HybvZwxgFKxNTrizz4fwx_BmbeI7ioLe/view?usp=sharing into file artifacts/data_ingestion/data.zip]
[2024-03-18 10:37:38,738: INFO: 986331348: Downloaded data from https://drive.google.com/file/d/1HybvZwxgFKxNTrizz4fwx_BmbeI7ioLe/view?usp=sharing into file artifacts/data_ingestion/data.zip]
[2024-03-18 11:09:48,713: INFO: main: >>>>>> stage Data Ingestion stage started <<<<<<]
[2024-03-18 11:09:48,729: INFO: common: yaml file: config\config.yaml loaded successfully]
[2024-03-18 11:09:48,729: INFO: common: yaml file: params.yaml loaded successfully]
[2024-03-18 11:09:48,734: INFO: common: created directory at: artifacts]
[2024-03-18 11:09:48,734: INFO: common: created directory at: artifacts/data_ingestion]
[2024-03-18 11:09:48,734: INFO: data_ingestion: Downloading data from https://drive.google.com/file/d/1HybvZwxgFKxNTrizz4fwx_BmbeI7ioLe/view?usp=sharing into file artifacts/data_ingestion/data.zip]
[2024-03-18 11:10:03,034: INFO: data_ingestion: Downloaded data from https://drive.google.com/file/d/1HybvZwxgFKxNTrizz4fwx_BmbeI7ioLe/view?usp=sharing into file artifacts/data_ingestion/data.zip]
[2024-03-18 11:10:03,601: INFO: main: >>>>>> stage Data Ingestion stage completed <<<<<<

x**************x]
[2024-03-20 16:58:07,578: INFO: main: >>>>>> stage Data Ingestion stage started <<<<<<]
[2024-03-20 16:58:07,578: INFO: common: yaml file: config\config.yaml loaded successfully]
[2024-03-20 16:58:07,578: INFO: common: yaml file: params.yaml loaded successfully]
[2024-03-20 16:58:07,578: INFO: common: created directory at: artifacts]
[2024-03-20 16:58:07,578: INFO: common: created directory at: artifacts/data_ingestion]
[2024-03-20 16:58:07,578: INFO: data_ingestion: Downloading data from https://drive.google.com/file/d/1HWtVOBMEVn1TKn3WhuLq-Mkj5fs0VLdu/view?usp=sharing into file artifacts/data_ingestion/data.zip]
[2024-03-20 16:58:18,483: INFO: data_ingestion: Downloaded data from https://drive.google.com/file/d/1HWtVOBMEVn1TKn3WhuLq-Mkj5fs0VLdu/view?usp=sharing into file artifacts/data_ingestion/data.zip]
[2024-03-20 16:58:19,017: INFO: main: >>>>>> stage Data Ingestion stage completed <<<<<<

x**************x]
[2024-03-20 23:15:38,497: INFO: common: yaml file: config\config.yaml loaded successfully]
[2024-03-20 23:15:38,521: INFO: common: yaml file: params.yaml loaded successfully]
[2024-03-20 23:15:38,526: INFO: common: created directory at: artifacts]
[2024-03-20 23:15:38,529: INFO: common: created directory at: artifacts/prepare_base_model]
[2024-03-20 23:17:45,573: INFO: common: yaml file: config\config.yaml loaded successfully]
[2024-03-20 23:17:45,577: INFO: common: yaml file: params.yaml loaded successfully]
[2024-03-20 23:17:45,577: INFO: common: created directory at: artifacts]
[2024-03-20 23:17:45,582: INFO: common: created directory at: artifacts/prepare_base_model]
[2024-03-20 23:18:51,314: INFO: common: yaml file: config\config.yaml loaded successfully]
[2024-03-20 23:18:51,316: INFO: common: yaml file: params.yaml loaded successfully]
[2024-03-20 23:18:51,316: INFO: common: created directory at: artifacts]
[2024-03-20 23:18:51,320: INFO: common: created directory at: artifacts/prepare_base_model]
[2024-03-20 23:19:05,470: WARNING: saving_utils: Compiled the loaded model, but the compiled metrics have yet to be built. `model.compile_metrics` will be empty until you train or evaluate the model.]
[2024-03-20 23:36:44,299: INFO: common: yaml file: config\config.yaml loaded successfully]
[2024-03-20 23:36:44,300: INFO: common: yaml file: params.yaml loaded successfully]
[2024-03-20 23:36:44,300: INFO: common: created directory at: artifacts]
[2024-03-20 23:36:44,308: INFO: common: created directory at: artifacts/prepare_base_model]
[2024-03-20 23:36:44,843: WARNING: saving_utils: Compiled the loaded model, but the compiled metrics have yet to be built. `model.compile_metrics` will be empty until you train or evaluate the model.]
[2024-03-21 11:55:28,342: INFO: main: >>>>>> stage Data Ingestion stage started <<<<<<]
[2024-03-21 11:55:28,342: INFO: common: yaml file: config\config.yaml loaded successfully]
[2024-03-21 11:55:28,342: INFO: common: yaml file: params.yaml loaded successfully]
[2024-03-21 11:55:28,342: INFO: common: created directory at: artifacts]
[2024-03-21 11:55:28,342: INFO: common: created directory at: artifacts/data_ingestion]
[2024-03-21 11:55:28,342: INFO: data_ingestion: Downloading data from https://drive.google.com/file/d/1HWtVOBMEVn1TKn3WhuLq-Mkj5fs0VLdu/view?usp=sharing into file artifacts/data_ingestion/data.zip]
[2024-03-21 11:55:38,151: INFO: data_ingestion: Downloaded data from https://drive.google.com/file/d/1HWtVOBMEVn1TKn3WhuLq-Mkj5fs0VLdu/view?usp=sharing into file artifacts/data_ingestion/data.zip]
[2024-03-21 11:55:38,723: INFO: main: >>>>>> stage Data Ingestion stage completed <<<<<<

x**************x]
[2024-03-21 11:55:38,723: INFO: main: ****************************]
[2024-03-21 11:55:38,723: INFO: main: >>>>>> stage Prepare base model started <<<<<<<<]
[2024-03-21 11:55:38,723: INFO: common: yaml file: config\config.yaml loaded successfully]
[2024-03-21 11:55:38,723: INFO: common: yaml file: params.yaml loaded successfully]
[2024-03-21 11:55:38,728: INFO: common: created directory at: artifacts]
[2024-03-21 11:55:38,728: ERROR: main: 'ConfigurationManager' object has no attribute 'get_prepare_base_model_config']
Traceback (most recent call last):
  File "main.py", line 23, in <module>
    prepare_base_model.main()
  File "d:\data_science_yt\deep learning\kidney-disease-classification-deep-learning-project\src\Kidney_Disease_Classification\pipeline\stage_02_prepare_base_model.py", line 15, in main
    prepare_base_model_config = config.get_prepare_base_model_config()
AttributeError: 'ConfigurationManager' object has no attribute 'get_prepare_base_model_config'
[2024-03-21 11:58:13,766: INFO: main: >>>>>> stage Data Ingestion stage started <<<<<<]
[2024-03-21 11:58:13,779: INFO: common: yaml file: config\config.yaml loaded successfully]
[2024-03-21 11:58:13,781: INFO: common: yaml file: params.yaml loaded successfully]
[2024-03-21 11:58:13,781: INFO: common: created directory at: artifacts]
[2024-03-21 11:58:13,781: INFO: common: created directory at: artifacts/data_ingestion]
[2024-03-21 11:58:13,781: INFO: data_ingestion: Downloading data from https://drive.google.com/file/d/1HWtVOBMEVn1TKn3WhuLq-Mkj5fs0VLdu/view?usp=sharing into file artifacts/data_ingestion/data.zip]
[2024-03-21 11:58:24,285: INFO: data_ingestion: Downloaded data from https://drive.google.com/file/d/1HWtVOBMEVn1TKn3WhuLq-Mkj5fs0VLdu/view?usp=sharing into file artifacts/data_ingestion/data.zip]
[2024-03-21 11:58:24,501: INFO: main: >>>>>> stage Data Ingestion stage completed <<<<<<

x**************x]
[2024-03-21 11:58:24,501: INFO: main: ****************************]
[2024-03-21 11:58:24,501: INFO: main: >>>>>> stage Prepare base model started <<<<<<<<]
[2024-03-21 11:58:24,501: INFO: common: yaml file: config\config.yaml loaded successfully]
[2024-03-21 11:58:24,501: INFO: common: yaml file: params.yaml loaded successfully]
[2024-03-21 11:58:24,501: INFO: common: created directory at: artifacts]
[2024-03-21 11:58:24,501: INFO: common: created directory at: artifacts/prepare_base_model]
[2024-03-21 11:58:25,284: WARNING: saving_utils: Compiled the loaded model, but the compiled metrics have yet to be built. `model.compile_metrics` will be empty until you train or evaluate the model.]
[2024-03-21 11:58:25,547: INFO: main: >>>>>>>> stage Prepare base model completed <<<<<<<<<<

x**********x]
